#-----------------------------------------------------------
# updatemem v2018.2 (64-bit)
# SW Build 2258646 on Thu Jun 14 20:03:12 MDT 2018
# IP Build 2256618 on Thu Jun 14 22:10:49 MDT 2018
# Start of session at: Tue Aug 13 13:15:56 2019
# Process ID: 27608
# Current directory: V:/hardware/m1_for_arty_s7/m1_for_arty_s7
# Command line: updatemem.exe -mode batch -source C:/Xilinx/Vivado/2018.2/scripts/updatemem/main.tcl -notrace -tclargs -meminfo ./m1.mmi -data ./bram_s7.elf -proc dummy -bit ./m1_for_arty_s7.runs/impl_1/m1_for_arty_s7_wrapper.bit -out m1_for_arty_s7.bit -force
# Log file: V:/hardware/m1_for_arty_s7/m1_for_arty_s7/updatemem.log
# Journal file: V:/hardware/m1_for_arty_s7/m1_for_arty_s7\updatemem.jou
#-----------------------------------------------------------
source C:/Xilinx/Vivado/2018.2/scripts/updatemem/main.tcl -notrace
Command: update_mem -meminfo ./m1.mmi -data ./bram_s7.elf -proc dummy -bit ./m1_for_arty_s7.runs/impl_1/m1_for_arty_s7_wrapper.bit -out m1_for_arty_s7.bit -force
Loading bitfile ./m1_for_arty_s7.runs/impl_1/m1_for_arty_s7_wrapper.bit
Loading data files...
Updating memory content...
Creating bitstream...
Writing bitstream m1_for_arty_s7.bit...
0 Infos, 0 Warnings, 0 Critical Warnings and 0 Errors encountered.
update_mem completed successfully
update_mem: Time (s): cpu = 00:00:14 ; elapsed = 00:00:16 . Memory (MB): peak = 520.324 ; gain = 462.711
INFO: [Common 17-206] Exiting updatemem at Tue Aug 13 13:16:12 2019...
