


ARM Macro Assembler    Page 1 


    1 00000000         ;/******************************************************
                       ********************//**
    2 00000000         ; * @file     startup_ARTY_CM1.s
    3 00000000         ; * @brief    CMSIS Core Device Startup File for
    4 00000000         ; *           CM1 Device
    5 00000000         ; * @version  V3.02
    6 00000000         ; * @date     18. April 2018
    7 00000000         ; *
    8 00000000         ; * @note
    9 00000000         ; *
   10 00000000         ; ******************************************************
                       ************************/
   11 00000000         ;/* Copyright (c) 2011 - 2018 ARM LIMITED
   12 00000000         ;
   13 00000000         ;   All rights reserved.
   14 00000000         ;   Redistribution and use in source and binary forms, w
                       ith or without
   15 00000000         ;   modification, are permitted provided that the follow
                       ing conditions are met:
   16 00000000         ;   - Redistributions of source code must retain the abo
                       ve copyright
   17 00000000         ;     notice, this list of conditions and the following 
                       disclaimer.
   18 00000000         ;   - Redistributions in binary form must reproduce the 
                       above copyright
   19 00000000         ;     notice, this list of conditions and the following 
                       disclaimer in the
   20 00000000         ;     documentation and/or other materials provided with
                        the distribution.
   21 00000000         ;   - Neither the name of ARM nor the names of its contr
                       ibutors may be used
   22 00000000         ;     to endorse or promote products derived from this s
                       oftware without
   23 00000000         ;     specific prior written permission.
   24 00000000         ;   *
   25 00000000         ;   THIS SOFTWARE IS PROVIDED BY THE COPYRIGHT HOLDERS A
                       ND CONTRIBUTORS "AS IS"
   26 00000000         ;   AND ANY EXPRESS OR IMPLIED WARRANTIES, INCLUDING, BU
                       T NOT LIMITED TO, THE
   27 00000000         ;   IMPLIED WARRANTIES OF MERCHANTABILITY AND FITNESS FO
                       R A PARTICULAR PURPOSE
   28 00000000         ;   ARE DISCLAIMED. IN NO EVENT SHALL COPYRIGHT HOLDERS 
                       AND CONTRIBUTORS BE
   29 00000000         ;   LIABLE FOR ANY DIRECT, INDIRECT, INCIDENTAL, SPECIAL
                       , EXEMPLARY, OR
   30 00000000         ;   CONSEQUENTIAL DAMAGES (INCLUDING, BUT NOT LIMITED TO
                       , PROCUREMENT OF
   31 00000000         ;   SUBSTITUTE GOODS OR SERVICES; LOSS OF USE, DATA, OR 
                       PROFITS; OR BUSINESS
   32 00000000         ;   INTERRUPTION) HOWEVER CAUSED AND ON ANY THEORY OF LI
                       ABILITY, WHETHER IN
   33 00000000         ;   CONTRACT, STRICT LIABILITY, OR TORT (INCLUDING NEGLI
                       GENCE OR OTHERWISE)
   34 00000000         ;   ARISING IN ANY WAY OUT OF THE USE OF THIS SOFTWARE, 
                       EVEN IF ADVISED OF THE
   35 00000000         ;   POSSIBILITY OF SUCH DAMAGE.
   36 00000000         ;   ----------------------------------------------------
                       -----------------------*/
   37 00000000         ;/*



ARM Macro Assembler    Page 2 


   38 00000000         ;//-------- <<< Use Configuration Wizard in Context Menu
                        >>> ------------------
   39 00000000         ;*/
   40 00000000         
   41 00000000         
   42 00000000         ; <h> Stack Configuration
   43 00000000         ;   <o> Stack Size (in Bytes) <0x0-0xFFFFFFFF:8>
   44 00000000         ; </h>
   45 00000000         
   46 00000000 00000400 
                       Stack_Size
                               EQU              0x00000400
   47 00000000         
   48 00000000                 AREA             STACK, NOINIT, READWRITE, ALIGN
=3
   49 00000000         Stack_Mem
                               SPACE            Stack_Size
   50 00000400         __initial_sp
   51 00000400         
   52 00000400         
   53 00000400         ; <h> Heap Configuration
   54 00000400         ;   <o>  Heap Size (in Bytes) <0x0-0xFFFFFFFF:8>
   55 00000400         ; </h>
   56 00000400         
   57 00000400 00000C00 
                       Heap_Size
                               EQU              0x00000C00
   58 00000400         
   59 00000400                 AREA             HEAP, NOINIT, READWRITE, ALIGN=
3
   60 00000000         __heap_base
   61 00000000         Heap_Mem
                               SPACE            Heap_Size
   62 00000C00         __heap_limit
   63 00000C00         
   64 00000C00         
   65 00000C00                 PRESERVE8
   66 00000C00                 THUMB
   67 00000C00         
   68 00000C00         
   69 00000C00         ; Vector Table Mapped to Address 0 at Reset
   70 00000C00         
   71 00000C00                 AREA             RESET, DATA, READONLY
   72 00000000                 EXPORT           __Vectors
   73 00000000                 EXPORT           __Vectors_End
   74 00000000                 EXPORT           __Vectors_Size
   75 00000000         
   76 00000000 00000000 
                       __Vectors
                               DCD              __initial_sp ; Top of Stack
   77 00000004 00000000        DCD              Reset_Handler ; Reset Handler
   78 00000008 00000000        DCD              NMI_Handler ; NMI Handler
   79 0000000C 00000000        DCD              HardFault_Handler ; Hard Fault 
                                                            Handler
   80 00000010 00000000        DCD              0           ; Reserved
   81 00000014 00000000        DCD              0           ; Reserved
   82 00000018 00000000        DCD              0           ; Reserved
   83 0000001C 00000000        DCD              0           ; Reserved
   84 00000020 00000000        DCD              0           ; Reserved



ARM Macro Assembler    Page 3 


   85 00000024 00000000        DCD              0           ; Reserved
   86 00000028 00000000        DCD              0           ; Reserved
   87 0000002C 00000000        DCD              SVC_Handler ; SVCall Handler
   88 00000030 00000000        DCD              0           ; Reserved
   89 00000034 00000000        DCD              0           ; Reserved
   90 00000038 00000000        DCD              PendSV_Handler ; PendSV Handler
                                                            
   91 0000003C 00000000        DCD              SysTick_Handler 
                                                            ; SysTick Handler
   92 00000040         
   93 00000040         ; External Interrupts
   94 00000040 00000000        DCD              UART0_Handler ; UART 0 Handler
   95 00000044 00000000        DCD              GPIO0_Handler ; GPIO 0 Handler
   96 00000048 00000000        DCD              GPIO1_Handler ; GPIO 1 Handler
   97 0000004C 00000000        DCD              QSPI0_Handler ; QUAD SPI 0 (Art
                                                            y board) Handler
   98 00000050 00000000        DCD              DAP_QSPI0_Handler ; DAPLink boa
                                                            rd QUAD SPI 0 Handl
                                                            er
   99 00000054 00000000        DCD              DAP_SPI0_Handler ; DAPLink boar
                                                            d SPI 0 Handler
  100 00000058 00000000        DCD              DAP_QSPI_XIP_Handler ; DAPLink 
                                                            board QUAD SPI XIP 
                                                            Handler
  101 0000005C 00000000        DCD              DAPLinkFittedn ; Used as steady
                                                             state GPIO input, 
                                                            not IRQ
  102 00000060 00000000        DCD              Unused_IRQ8 ; Unused
  103 00000064 00000000        DCD              Unused_IRQ9 ; Unused
  104 00000068 00000000        DCD              Unused_IRQ10 ; Unused
  105 0000006C 00000000        DCD              Unused_IRQ11 ; Unused
  106 00000070 00000000        DCD              Unused_IRQ12 ; Unused
  107 00000074 00000000        DCD              Unused_IRQ13 ; Unused
  108 00000078 00000000        DCD              Unused_IRQ14 ; Unused
  109 0000007C 00000000        DCD              Unused_IRQ15 ; Unused
  110 00000080 00000000        DCD              Unused_IRQ16 ; Unused
  111 00000084 00000000        DCD              Unused_IRQ17 ; Unused
  112 00000088 00000000        DCD              Unused_IRQ18 ; Unused
  113 0000008C 00000000        DCD              Unused_IRQ19 ; Unused
  114 00000090 00000000        DCD              Unused_IRQ20 ; Unused
  115 00000094 00000000        DCD              Unused_IRQ21 ; Unused
  116 00000098 00000000        DCD              Unused_IRQ22 ; Unused
  117 0000009C 00000000        DCD              Unused_IRQ23 ; Unused
  118 000000A0 00000000        DCD              Unused_IRQ24 ; Unused
  119 000000A4 00000000        DCD              Unused_IRQ25 ; Unused
  120 000000A8 00000000        DCD              Unused_IRQ26 ; Unused
  121 000000AC 00000000        DCD              Unused_IRQ27 ; Unused
  122 000000B0 00000000        DCD              Unused_IRQ28 ; Unused
  123 000000B4 00000000        DCD              Unused_IRQ29 ; Unused
  124 000000B8 00000000        DCD              Unused_IRQ30 ; Unused
  125 000000BC 00000000        DCD              Unused_IRQ31 ; Unused
  126 000000C0         __Vectors_End
  127 000000C0         
  128 000000C0 000000C0 
                       __Vectors_Size
                               EQU              __Vectors_End - __Vectors
  129 000000C0         
  130 000000C0                 AREA             |.text|, CODE, READONLY
  131 00000000         



ARM Macro Assembler    Page 4 


  132 00000000         
  133 00000000         ; Reset Handler
  134 00000000         
  135 00000000         Reset_Handler
                               PROC
  136 00000000                 EXPORT           Reset_Handler             [WEAK
]
  137 00000000                 IMPORT           SystemInit
  138 00000000                 IMPORT           __main
  139 00000000 4807            LDR              R0, =SystemInit
  140 00000002 4780            BLX              R0
  141 00000004 4807            LDR              R0, =__main
  142 00000006 4700            BX               R0
  143 00000008                 ENDP
  144 00000008         
  145 00000008         
  146 00000008         ; Dummy Exception Handlers (infinite loops which can be 
                       modified)
  147 00000008         
  148 00000008         NMI_Handler
                               PROC
  149 00000008                 EXPORT           NMI_Handler               [WEAK
]
  150 00000008 E7FE            B                .
  151 0000000A                 ENDP
  153 0000000A         HardFault_Handler
                               PROC
  154 0000000A                 EXPORT           HardFault_Handler         [WEAK
]
  155 0000000A E7FE            B                .
  156 0000000C                 ENDP
  157 0000000C         SVC_Handler
                               PROC
  158 0000000C                 EXPORT           SVC_Handler               [WEAK
]
  159 0000000C E7FE            B                .
  160 0000000E                 ENDP
  161 0000000E         PendSV_Handler
                               PROC
  162 0000000E                 EXPORT           PendSV_Handler            [WEAK
]
  163 0000000E E7FE            B                .
  164 00000010                 ENDP
  165 00000010         SysTick_Handler
                               PROC
  166 00000010                 EXPORT           SysTick_Handler            [WEA
K]
  167 00000010 E7FE            B                .
  168 00000012                 ENDP
  169 00000012         
  170 00000012         Default_Handler
                               PROC
  171 00000012                 EXPORT           UART0_Handler              [WEA
K]
  172 00000012                 EXPORT           GPIO0_Handler              [WEA
K]
  173 00000012                 EXPORT           GPIO1_Handler              [WEA
K]
  174 00000012                 EXPORT           QSPI0_Handler              [WEA



ARM Macro Assembler    Page 5 


K]
  175 00000012                 EXPORT           DAP_QSPI0_Handler          [WEA
K]
  176 00000012                 EXPORT           DAP_SPI0_Handler           [WEA
K]
  177 00000012                 EXPORT           DAP_QSPI_XIP_Handler       [WEA
K]
  178 00000012                 EXPORT           DAPLinkFittedn             [WEA
K]
  179 00000012                 EXPORT           Unused_IRQ8                [WEA
K]
  180 00000012                 EXPORT           Unused_IRQ9                [WEA
K]
  181 00000012                 EXPORT           Unused_IRQ10               [WEA
K]
  182 00000012                 EXPORT           Unused_IRQ11               [WEA
K]
  183 00000012                 EXPORT           Unused_IRQ12               [WEA
K]
  184 00000012                 EXPORT           Unused_IRQ13               [WEA
K]
  185 00000012                 EXPORT           Unused_IRQ14               [WEA
K]
  186 00000012                 EXPORT           Unused_IRQ15               [WEA
K]
  187 00000012                 EXPORT           Unused_IRQ16               [WEA
K]
  188 00000012                 EXPORT           Unused_IRQ17               [WEA
K]
  189 00000012                 EXPORT           Unused_IRQ18               [WEA
K]
  190 00000012                 EXPORT           Unused_IRQ19               [WEA
K]
  191 00000012                 EXPORT           Unused_IRQ20               [WEA
K]
  192 00000012                 EXPORT           Unused_IRQ21               [WEA
K]
  193 00000012                 EXPORT           Unused_IRQ22               [WEA
K]
  194 00000012                 EXPORT           Unused_IRQ23               [WEA
K]
  195 00000012                 EXPORT           Unused_IRQ24               [WEA
K]
  196 00000012                 EXPORT           Unused_IRQ25               [WEA
K]
  197 00000012                 EXPORT           Unused_IRQ26               [WEA
K]
  198 00000012                 EXPORT           Unused_IRQ27               [WEA
K]
  199 00000012                 EXPORT           Unused_IRQ28               [WEA
K]
  200 00000012                 EXPORT           Unused_IRQ29               [WEA
K]
  201 00000012                 EXPORT           Unused_IRQ30               [WEA
K]
  202 00000012                 EXPORT           Unused_IRQ31               [WEA
K]
  203 00000012         
  204 00000012         UART0_Handler



ARM Macro Assembler    Page 6 


  205 00000012         GPIO0_Handler
  206 00000012         GPIO1_Handler
  207 00000012         QSPI0_Handler
  208 00000012         DAP_QSPI0_Handler
  209 00000012         DAP_SPI0_Handler
  210 00000012         DAP_QSPI_XIP_Handler
  211 00000012         DAPLinkFittedn
  212 00000012         Unused_IRQ8
  213 00000012         Unused_IRQ9
  214 00000012         Unused_IRQ10
  215 00000012         Unused_IRQ11
  216 00000012         Unused_IRQ12
  217 00000012         Unused_IRQ13
  218 00000012         Unused_IRQ14
  219 00000012         Unused_IRQ15
  220 00000012         Unused_IRQ16
  221 00000012         Unused_IRQ17
  222 00000012         Unused_IRQ18
  223 00000012         Unused_IRQ19
  224 00000012         Unused_IRQ20
  225 00000012         Unused_IRQ21
  226 00000012         Unused_IRQ22
  227 00000012         Unused_IRQ23
  228 00000012         Unused_IRQ24
  229 00000012         Unused_IRQ25
  230 00000012         Unused_IRQ26
  231 00000012         Unused_IRQ27
  232 00000012         Unused_IRQ28
  233 00000012         Unused_IRQ29
  234 00000012         Unused_IRQ30
  235 00000012         Unused_IRQ31
  236 00000012 E7FE            B                .
  237 00000014         
  238 00000014                 ENDP
  239 00000014         
  240 00000014         
  241 00000014                 ALIGN
  242 00000014         
  243 00000014         
  244 00000014         ; User Initial Stack & Heap
  245 00000014         
  246 00000014                 IF               :DEF:__MICROLIB
  253 00000014         
  254 00000014                 IMPORT           __use_two_region_memory
  255 00000014                 EXPORT           __user_initial_stackheap
  256 00000014         
  257 00000014         __user_initial_stackheap
                               PROC
  258 00000014 4804            LDR              R0, =  Heap_Mem
  259 00000016 4905            LDR              R1, =(Stack_Mem + Stack_Size)
  260 00000018 4A05            LDR              R2, = (Heap_Mem +  Heap_Size)
  261 0000001A 4B06            LDR              R3, = Stack_Mem
  262 0000001C 4770            BX               LR
  263 0000001E                 ENDP
  264 0000001E         
  265 0000001E 00 00           ALIGN
  266 00000020         
  267 00000020                 ENDIF
  268 00000020         



ARM Macro Assembler    Page 7 


  269 00000020         
  270 00000020                 END
              00000000 
              00000000 
              00000000 
              00000400 
              00000C00 
              00000000 
Command Line: --debug --xref --diag_suppress=9931 --cpu=Cortex-M0 --apcs=interw
ork --depend=.\objects\startup_arty_cm1.d -o.\objects\startup_arty_cm1.o -I.\RT
E\_m1_for_arty_s7 -IC:\Users\aptay\AppData\Local\Arm\Packs\ARM\CMSIS\5.5.1\CMSI
S\Core\Include -IC:\Users\aptay\AppData\Local\Arm\Packs\ARM\CMSIS\5.5.1\Device\
ARM\ARMCM0\Include --predefine="__UVISION_VERSION SETA 527" --predefine="_RTE_ 
SETA 1" --predefine="ARMCM0 SETA 1" --list=.\objects\startup_arty_cm1.lst ..\cm
sis\Device\Source\ARTY_CM1\startup_ARTY_CM1.s



ARM Macro Assembler    Page 1 Alphabetic symbol ordering
Relocatable symbols

STACK 00000000

Symbol: STACK
   Definitions
      At line 48 in file ..\cmsis\Device\Source\ARTY_CM1\startup_ARTY_CM1.s
   Uses
      None
Comment: STACK unused
Stack_Mem 00000000

Symbol: Stack_Mem
   Definitions
      At line 49 in file ..\cmsis\Device\Source\ARTY_CM1\startup_ARTY_CM1.s
   Uses
      At line 259 in file ..\cmsis\Device\Source\ARTY_CM1\startup_ARTY_CM1.s
      At line 261 in file ..\cmsis\Device\Source\ARTY_CM1\startup_ARTY_CM1.s

__initial_sp 00000400

Symbol: __initial_sp
   Definitions
      At line 50 in file ..\cmsis\Device\Source\ARTY_CM1\startup_ARTY_CM1.s
   Uses
      At line 76 in file ..\cmsis\Device\Source\ARTY_CM1\startup_ARTY_CM1.s
Comment: __initial_sp used once
3 symbols



ARM Macro Assembler    Page 1 Alphabetic symbol ordering
Relocatable symbols

HEAP 00000000

Symbol: HEAP
   Definitions
      At line 59 in file ..\cmsis\Device\Source\ARTY_CM1\startup_ARTY_CM1.s
   Uses
      None
Comment: HEAP unused
Heap_Mem 00000000

Symbol: Heap_Mem
   Definitions
      At line 61 in file ..\cmsis\Device\Source\ARTY_CM1\startup_ARTY_CM1.s
   Uses
      At line 258 in file ..\cmsis\Device\Source\ARTY_CM1\startup_ARTY_CM1.s
      At line 260 in file ..\cmsis\Device\Source\ARTY_CM1\startup_ARTY_CM1.s

__heap_base 00000000

Symbol: __heap_base
   Definitions
      At line 60 in file ..\cmsis\Device\Source\ARTY_CM1\startup_ARTY_CM1.s
   Uses
      None
Comment: __heap_base unused
__heap_limit 00000C00

Symbol: __heap_limit
   Definitions
      At line 62 in file ..\cmsis\Device\Source\ARTY_CM1\startup_ARTY_CM1.s
   Uses
      None
Comment: __heap_limit unused
4 symbols



ARM Macro Assembler    Page 1 Alphabetic symbol ordering
Relocatable symbols

RESET 00000000

Symbol: RESET
   Definitions
      At line 71 in file ..\cmsis\Device\Source\ARTY_CM1\startup_ARTY_CM1.s
   Uses
      None
Comment: RESET unused
__Vectors 00000000

Symbol: __Vectors
   Definitions
      At line 76 in file ..\cmsis\Device\Source\ARTY_CM1\startup_ARTY_CM1.s
   Uses
      At line 72 in file ..\cmsis\Device\Source\ARTY_CM1\startup_ARTY_CM1.s
      At line 128 in file ..\cmsis\Device\Source\ARTY_CM1\startup_ARTY_CM1.s

__Vectors_End 000000C0

Symbol: __Vectors_End
   Definitions
      At line 126 in file ..\cmsis\Device\Source\ARTY_CM1\startup_ARTY_CM1.s
   Uses
      At line 73 in file ..\cmsis\Device\Source\ARTY_CM1\startup_ARTY_CM1.s
      At line 128 in file ..\cmsis\Device\Source\ARTY_CM1\startup_ARTY_CM1.s

3 symbols



ARM Macro Assembler    Page 1 Alphabetic symbol ordering
Relocatable symbols

.text 00000000

Symbol: .text
   Definitions
      At line 130 in file ..\cmsis\Device\Source\ARTY_CM1\startup_ARTY_CM1.s
   Uses
      None
Comment: .text unused
DAPLinkFittedn 00000012

Symbol: DAPLinkFittedn
   Definitions
      At line 211 in file ..\cmsis\Device\Source\ARTY_CM1\startup_ARTY_CM1.s
   Uses
      At line 101 in file ..\cmsis\Device\Source\ARTY_CM1\startup_ARTY_CM1.s
      At line 178 in file ..\cmsis\Device\Source\ARTY_CM1\startup_ARTY_CM1.s

DAP_QSPI0_Handler 00000012

Symbol: DAP_QSPI0_Handler
   Definitions
      At line 208 in file ..\cmsis\Device\Source\ARTY_CM1\startup_ARTY_CM1.s
   Uses
      At line 98 in file ..\cmsis\Device\Source\ARTY_CM1\startup_ARTY_CM1.s
      At line 175 in file ..\cmsis\Device\Source\ARTY_CM1\startup_ARTY_CM1.s

DAP_QSPI_XIP_Handler 00000012

Symbol: DAP_QSPI_XIP_Handler
   Definitions
      At line 210 in file ..\cmsis\Device\Source\ARTY_CM1\startup_ARTY_CM1.s
   Uses
      At line 100 in file ..\cmsis\Device\Source\ARTY_CM1\startup_ARTY_CM1.s
      At line 177 in file ..\cmsis\Device\Source\ARTY_CM1\startup_ARTY_CM1.s

DAP_SPI0_Handler 00000012

Symbol: DAP_SPI0_Handler
   Definitions
      At line 209 in file ..\cmsis\Device\Source\ARTY_CM1\startup_ARTY_CM1.s
   Uses
      At line 99 in file ..\cmsis\Device\Source\ARTY_CM1\startup_ARTY_CM1.s
      At line 176 in file ..\cmsis\Device\Source\ARTY_CM1\startup_ARTY_CM1.s

Default_Handler 00000012

Symbol: Default_Handler
   Definitions
      At line 170 in file ..\cmsis\Device\Source\ARTY_CM1\startup_ARTY_CM1.s
   Uses
      None
Comment: Default_Handler unused
GPIO0_Handler 00000012

Symbol: GPIO0_Handler
   Definitions
      At line 205 in file ..\cmsis\Device\Source\ARTY_CM1\startup_ARTY_CM1.s
   Uses
      At line 95 in file ..\cmsis\Device\Source\ARTY_CM1\startup_ARTY_CM1.s



ARM Macro Assembler    Page 2 Alphabetic symbol ordering
Relocatable symbols

      At line 172 in file ..\cmsis\Device\Source\ARTY_CM1\startup_ARTY_CM1.s

GPIO1_Handler 00000012

Symbol: GPIO1_Handler
   Definitions
      At line 206 in file ..\cmsis\Device\Source\ARTY_CM1\startup_ARTY_CM1.s
   Uses
      At line 96 in file ..\cmsis\Device\Source\ARTY_CM1\startup_ARTY_CM1.s
      At line 173 in file ..\cmsis\Device\Source\ARTY_CM1\startup_ARTY_CM1.s

HardFault_Handler 0000000A

Symbol: HardFault_Handler
   Definitions
      At line 153 in file ..\cmsis\Device\Source\ARTY_CM1\startup_ARTY_CM1.s
   Uses
      At line 79 in file ..\cmsis\Device\Source\ARTY_CM1\startup_ARTY_CM1.s
      At line 154 in file ..\cmsis\Device\Source\ARTY_CM1\startup_ARTY_CM1.s

NMI_Handler 00000008

Symbol: NMI_Handler
   Definitions
      At line 148 in file ..\cmsis\Device\Source\ARTY_CM1\startup_ARTY_CM1.s
   Uses
      At line 78 in file ..\cmsis\Device\Source\ARTY_CM1\startup_ARTY_CM1.s
      At line 149 in file ..\cmsis\Device\Source\ARTY_CM1\startup_ARTY_CM1.s

PendSV_Handler 0000000E

Symbol: PendSV_Handler
   Definitions
      At line 161 in file ..\cmsis\Device\Source\ARTY_CM1\startup_ARTY_CM1.s
   Uses
      At line 90 in file ..\cmsis\Device\Source\ARTY_CM1\startup_ARTY_CM1.s
      At line 162 in file ..\cmsis\Device\Source\ARTY_CM1\startup_ARTY_CM1.s

QSPI0_Handler 00000012

Symbol: QSPI0_Handler
   Definitions
      At line 207 in file ..\cmsis\Device\Source\ARTY_CM1\startup_ARTY_CM1.s
   Uses
      At line 97 in file ..\cmsis\Device\Source\ARTY_CM1\startup_ARTY_CM1.s
      At line 174 in file ..\cmsis\Device\Source\ARTY_CM1\startup_ARTY_CM1.s

Reset_Handler 00000000

Symbol: Reset_Handler
   Definitions
      At line 135 in file ..\cmsis\Device\Source\ARTY_CM1\startup_ARTY_CM1.s
   Uses
      At line 77 in file ..\cmsis\Device\Source\ARTY_CM1\startup_ARTY_CM1.s
      At line 136 in file ..\cmsis\Device\Source\ARTY_CM1\startup_ARTY_CM1.s

SVC_Handler 0000000C

Symbol: SVC_Handler



ARM Macro Assembler    Page 3 Alphabetic symbol ordering
Relocatable symbols

   Definitions
      At line 157 in file ..\cmsis\Device\Source\ARTY_CM1\startup_ARTY_CM1.s
   Uses
      At line 87 in file ..\cmsis\Device\Source\ARTY_CM1\startup_ARTY_CM1.s
      At line 158 in file ..\cmsis\Device\Source\ARTY_CM1\startup_ARTY_CM1.s

SysTick_Handler 00000010

Symbol: SysTick_Handler
   Definitions
      At line 165 in file ..\cmsis\Device\Source\ARTY_CM1\startup_ARTY_CM1.s
   Uses
      At line 91 in file ..\cmsis\Device\Source\ARTY_CM1\startup_ARTY_CM1.s
      At line 166 in file ..\cmsis\Device\Source\ARTY_CM1\startup_ARTY_CM1.s

UART0_Handler 00000012

Symbol: UART0_Handler
   Definitions
      At line 204 in file ..\cmsis\Device\Source\ARTY_CM1\startup_ARTY_CM1.s
   Uses
      At line 94 in file ..\cmsis\Device\Source\ARTY_CM1\startup_ARTY_CM1.s
      At line 171 in file ..\cmsis\Device\Source\ARTY_CM1\startup_ARTY_CM1.s

Unused_IRQ10 00000012

Symbol: Unused_IRQ10
   Definitions
      At line 214 in file ..\cmsis\Device\Source\ARTY_CM1\startup_ARTY_CM1.s
   Uses
      At line 104 in file ..\cmsis\Device\Source\ARTY_CM1\startup_ARTY_CM1.s
      At line 181 in file ..\cmsis\Device\Source\ARTY_CM1\startup_ARTY_CM1.s

Unused_IRQ11 00000012

Symbol: Unused_IRQ11
   Definitions
      At line 215 in file ..\cmsis\Device\Source\ARTY_CM1\startup_ARTY_CM1.s
   Uses
      At line 105 in file ..\cmsis\Device\Source\ARTY_CM1\startup_ARTY_CM1.s
      At line 182 in file ..\cmsis\Device\Source\ARTY_CM1\startup_ARTY_CM1.s

Unused_IRQ12 00000012

Symbol: Unused_IRQ12
   Definitions
      At line 216 in file ..\cmsis\Device\Source\ARTY_CM1\startup_ARTY_CM1.s
   Uses
      At line 106 in file ..\cmsis\Device\Source\ARTY_CM1\startup_ARTY_CM1.s
      At line 183 in file ..\cmsis\Device\Source\ARTY_CM1\startup_ARTY_CM1.s

Unused_IRQ13 00000012

Symbol: Unused_IRQ13
   Definitions
      At line 217 in file ..\cmsis\Device\Source\ARTY_CM1\startup_ARTY_CM1.s
   Uses
      At line 107 in file ..\cmsis\Device\Source\ARTY_CM1\startup_ARTY_CM1.s
      At line 184 in file ..\cmsis\Device\Source\ARTY_CM1\startup_ARTY_CM1.s



ARM Macro Assembler    Page 4 Alphabetic symbol ordering
Relocatable symbols


Unused_IRQ14 00000012

Symbol: Unused_IRQ14
   Definitions
      At line 218 in file ..\cmsis\Device\Source\ARTY_CM1\startup_ARTY_CM1.s
   Uses
      At line 108 in file ..\cmsis\Device\Source\ARTY_CM1\startup_ARTY_CM1.s
      At line 185 in file ..\cmsis\Device\Source\ARTY_CM1\startup_ARTY_CM1.s

Unused_IRQ15 00000012

Symbol: Unused_IRQ15
   Definitions
      At line 219 in file ..\cmsis\Device\Source\ARTY_CM1\startup_ARTY_CM1.s
   Uses
      At line 109 in file ..\cmsis\Device\Source\ARTY_CM1\startup_ARTY_CM1.s
      At line 186 in file ..\cmsis\Device\Source\ARTY_CM1\startup_ARTY_CM1.s

Unused_IRQ16 00000012

Symbol: Unused_IRQ16
   Definitions
      At line 220 in file ..\cmsis\Device\Source\ARTY_CM1\startup_ARTY_CM1.s
   Uses
      At line 110 in file ..\cmsis\Device\Source\ARTY_CM1\startup_ARTY_CM1.s
      At line 187 in file ..\cmsis\Device\Source\ARTY_CM1\startup_ARTY_CM1.s

Unused_IRQ17 00000012

Symbol: Unused_IRQ17
   Definitions
      At line 221 in file ..\cmsis\Device\Source\ARTY_CM1\startup_ARTY_CM1.s
   Uses
      At line 111 in file ..\cmsis\Device\Source\ARTY_CM1\startup_ARTY_CM1.s
      At line 188 in file ..\cmsis\Device\Source\ARTY_CM1\startup_ARTY_CM1.s

Unused_IRQ18 00000012

Symbol: Unused_IRQ18
   Definitions
      At line 222 in file ..\cmsis\Device\Source\ARTY_CM1\startup_ARTY_CM1.s
   Uses
      At line 112 in file ..\cmsis\Device\Source\ARTY_CM1\startup_ARTY_CM1.s
      At line 189 in file ..\cmsis\Device\Source\ARTY_CM1\startup_ARTY_CM1.s

Unused_IRQ19 00000012

Symbol: Unused_IRQ19
   Definitions
      At line 223 in file ..\cmsis\Device\Source\ARTY_CM1\startup_ARTY_CM1.s
   Uses
      At line 113 in file ..\cmsis\Device\Source\ARTY_CM1\startup_ARTY_CM1.s
      At line 190 in file ..\cmsis\Device\Source\ARTY_CM1\startup_ARTY_CM1.s

Unused_IRQ20 00000012

Symbol: Unused_IRQ20
   Definitions



ARM Macro Assembler    Page 5 Alphabetic symbol ordering
Relocatable symbols

      At line 224 in file ..\cmsis\Device\Source\ARTY_CM1\startup_ARTY_CM1.s
   Uses
      At line 114 in file ..\cmsis\Device\Source\ARTY_CM1\startup_ARTY_CM1.s
      At line 191 in file ..\cmsis\Device\Source\ARTY_CM1\startup_ARTY_CM1.s

Unused_IRQ21 00000012

Symbol: Unused_IRQ21
   Definitions
      At line 225 in file ..\cmsis\Device\Source\ARTY_CM1\startup_ARTY_CM1.s
   Uses
      At line 115 in file ..\cmsis\Device\Source\ARTY_CM1\startup_ARTY_CM1.s
      At line 192 in file ..\cmsis\Device\Source\ARTY_CM1\startup_ARTY_CM1.s

Unused_IRQ22 00000012

Symbol: Unused_IRQ22
   Definitions
      At line 226 in file ..\cmsis\Device\Source\ARTY_CM1\startup_ARTY_CM1.s
   Uses
      At line 116 in file ..\cmsis\Device\Source\ARTY_CM1\startup_ARTY_CM1.s
      At line 193 in file ..\cmsis\Device\Source\ARTY_CM1\startup_ARTY_CM1.s

Unused_IRQ23 00000012

Symbol: Unused_IRQ23
   Definitions
      At line 227 in file ..\cmsis\Device\Source\ARTY_CM1\startup_ARTY_CM1.s
   Uses
      At line 117 in file ..\cmsis\Device\Source\ARTY_CM1\startup_ARTY_CM1.s
      At line 194 in file ..\cmsis\Device\Source\ARTY_CM1\startup_ARTY_CM1.s

Unused_IRQ24 00000012

Symbol: Unused_IRQ24
   Definitions
      At line 228 in file ..\cmsis\Device\Source\ARTY_CM1\startup_ARTY_CM1.s
   Uses
      At line 118 in file ..\cmsis\Device\Source\ARTY_CM1\startup_ARTY_CM1.s
      At line 195 in file ..\cmsis\Device\Source\ARTY_CM1\startup_ARTY_CM1.s

Unused_IRQ25 00000012

Symbol: Unused_IRQ25
   Definitions
      At line 229 in file ..\cmsis\Device\Source\ARTY_CM1\startup_ARTY_CM1.s
   Uses
      At line 119 in file ..\cmsis\Device\Source\ARTY_CM1\startup_ARTY_CM1.s
      At line 196 in file ..\cmsis\Device\Source\ARTY_CM1\startup_ARTY_CM1.s

Unused_IRQ26 00000012

Symbol: Unused_IRQ26
   Definitions
      At line 230 in file ..\cmsis\Device\Source\ARTY_CM1\startup_ARTY_CM1.s
   Uses
      At line 120 in file ..\cmsis\Device\Source\ARTY_CM1\startup_ARTY_CM1.s
      At line 197 in file ..\cmsis\Device\Source\ARTY_CM1\startup_ARTY_CM1.s




ARM Macro Assembler    Page 6 Alphabetic symbol ordering
Relocatable symbols

Unused_IRQ27 00000012

Symbol: Unused_IRQ27
   Definitions
      At line 231 in file ..\cmsis\Device\Source\ARTY_CM1\startup_ARTY_CM1.s
   Uses
      At line 121 in file ..\cmsis\Device\Source\ARTY_CM1\startup_ARTY_CM1.s
      At line 198 in file ..\cmsis\Device\Source\ARTY_CM1\startup_ARTY_CM1.s

Unused_IRQ28 00000012

Symbol: Unused_IRQ28
   Definitions
      At line 232 in file ..\cmsis\Device\Source\ARTY_CM1\startup_ARTY_CM1.s
   Uses
      At line 122 in file ..\cmsis\Device\Source\ARTY_CM1\startup_ARTY_CM1.s
      At line 199 in file ..\cmsis\Device\Source\ARTY_CM1\startup_ARTY_CM1.s

Unused_IRQ29 00000012

Symbol: Unused_IRQ29
   Definitions
      At line 233 in file ..\cmsis\Device\Source\ARTY_CM1\startup_ARTY_CM1.s
   Uses
      At line 123 in file ..\cmsis\Device\Source\ARTY_CM1\startup_ARTY_CM1.s
      At line 200 in file ..\cmsis\Device\Source\ARTY_CM1\startup_ARTY_CM1.s

Unused_IRQ30 00000012

Symbol: Unused_IRQ30
   Definitions
      At line 234 in file ..\cmsis\Device\Source\ARTY_CM1\startup_ARTY_CM1.s
   Uses
      At line 124 in file ..\cmsis\Device\Source\ARTY_CM1\startup_ARTY_CM1.s
      At line 201 in file ..\cmsis\Device\Source\ARTY_CM1\startup_ARTY_CM1.s

Unused_IRQ31 00000012

Symbol: Unused_IRQ31
   Definitions
      At line 235 in file ..\cmsis\Device\Source\ARTY_CM1\startup_ARTY_CM1.s
   Uses
      At line 125 in file ..\cmsis\Device\Source\ARTY_CM1\startup_ARTY_CM1.s
      At line 202 in file ..\cmsis\Device\Source\ARTY_CM1\startup_ARTY_CM1.s

Unused_IRQ8 00000012

Symbol: Unused_IRQ8
   Definitions
      At line 212 in file ..\cmsis\Device\Source\ARTY_CM1\startup_ARTY_CM1.s
   Uses
      At line 102 in file ..\cmsis\Device\Source\ARTY_CM1\startup_ARTY_CM1.s
      At line 179 in file ..\cmsis\Device\Source\ARTY_CM1\startup_ARTY_CM1.s

Unused_IRQ9 00000012

Symbol: Unused_IRQ9
   Definitions
      At line 213 in file ..\cmsis\Device\Source\ARTY_CM1\startup_ARTY_CM1.s



ARM Macro Assembler    Page 7 Alphabetic symbol ordering
Relocatable symbols

   Uses
      At line 103 in file ..\cmsis\Device\Source\ARTY_CM1\startup_ARTY_CM1.s
      At line 180 in file ..\cmsis\Device\Source\ARTY_CM1\startup_ARTY_CM1.s

__user_initial_stackheap 00000014

Symbol: __user_initial_stackheap
   Definitions
      At line 257 in file ..\cmsis\Device\Source\ARTY_CM1\startup_ARTY_CM1.s
   Uses
      At line 255 in file ..\cmsis\Device\Source\ARTY_CM1\startup_ARTY_CM1.s
Comment: __user_initial_stackheap used once
41 symbols



ARM Macro Assembler    Page 1 Alphabetic symbol ordering
Absolute symbols

Heap_Size 00000C00

Symbol: Heap_Size
   Definitions
      At line 57 in file ..\cmsis\Device\Source\ARTY_CM1\startup_ARTY_CM1.s
   Uses
      At line 61 in file ..\cmsis\Device\Source\ARTY_CM1\startup_ARTY_CM1.s
      At line 260 in file ..\cmsis\Device\Source\ARTY_CM1\startup_ARTY_CM1.s

Stack_Size 00000400

Symbol: Stack_Size
   Definitions
      At line 46 in file ..\cmsis\Device\Source\ARTY_CM1\startup_ARTY_CM1.s
   Uses
      At line 49 in file ..\cmsis\Device\Source\ARTY_CM1\startup_ARTY_CM1.s
      At line 259 in file ..\cmsis\Device\Source\ARTY_CM1\startup_ARTY_CM1.s

__Vectors_Size 000000C0

Symbol: __Vectors_Size
   Definitions
      At line 128 in file ..\cmsis\Device\Source\ARTY_CM1\startup_ARTY_CM1.s
   Uses
      At line 74 in file ..\cmsis\Device\Source\ARTY_CM1\startup_ARTY_CM1.s
Comment: __Vectors_Size used once
3 symbols



ARM Macro Assembler    Page 1 Alphabetic symbol ordering
External symbols

SystemInit 00000000

Symbol: SystemInit
   Definitions
      At line 137 in file ..\cmsis\Device\Source\ARTY_CM1\startup_ARTY_CM1.s
   Uses
      At line 139 in file ..\cmsis\Device\Source\ARTY_CM1\startup_ARTY_CM1.s
Comment: SystemInit used once
__main 00000000

Symbol: __main
   Definitions
      At line 138 in file ..\cmsis\Device\Source\ARTY_CM1\startup_ARTY_CM1.s
   Uses
      At line 141 in file ..\cmsis\Device\Source\ARTY_CM1\startup_ARTY_CM1.s
Comment: __main used once
__use_two_region_memory 00000000

Symbol: __use_two_region_memory
   Definitions
      At line 254 in file ..\cmsis\Device\Source\ARTY_CM1\startup_ARTY_CM1.s
   Uses
      None
Comment: __use_two_region_memory unused
3 symbols
394 symbols in table
